  test.cpp
e:\代码\c++\2020-7-20\2020-7-20\test.cpp(75): error C2144: 语法错误:“void”的前面应有“;”
e:\代码\c++\2020-7-20\2020-7-20\test.cpp(75): error C2572: “TestFunc”: 重定义默认参数 : 参数 1
  e:\代码\c++\2020-7-20\2020-7-20\test.cpp(72): note: 参见“TestFunc”的声明
